0 verbose cli [
0 verbose cli   'C:\\Program Files\\nodejs\\node.exe',
0 verbose cli   'C:\\Program Files\\nodejs\\node_modules\\npm\\bin\\npm-cli.js',
0 verbose cli   'install',
0 verbose cli   '--save-dev',
0 verbose cli   '@babel/cli'
0 verbose cli ]
1 info using npm@8.5.0
2 info using node@v16.14.2
3 timing npm:load:whichnode Completed in 1ms
4 timing config:load:defaults Completed in 6ms
5 timing config:load:file:C:\Program Files\nodejs\node_modules\npm\npmrc Completed in 22ms
6 timing config:load:builtin Completed in 23ms
7 timing config:load:cli Completed in 7ms
8 timing config:load:env Completed in 2ms
9 timing config:load:file:D:\HW_JS_Browser\browser_vs_node\for_uni_lib\.npmrc Completed in 1ms
10 timing config:load:project Completed in 5ms
11 timing config:load:file:C:\Users\Татьяна\.npmrc Completed in 3ms
12 timing config:load:user Completed in 3ms
13 timing config:load:file:C:\Users\Татьяна\AppData\Roaming\npm\etc\npmrc Completed in 0ms
14 timing config:load:global Completed in 1ms
15 timing config:load:validate Completed in 3ms
16 timing config:load:credentials Completed in 3ms
17 timing config:load:setEnvs Completed in 3ms
18 timing config:load Completed in 61ms
19 timing npm:load:configload Completed in 62ms
20 timing npm:load:setTitle Completed in 2ms
21 timing config:load:flatten Completed in 13ms
22 timing npm:load:display Completed in 20ms
23 verbose logfile C:\Users\Татьяна\AppData\Local\npm-cache\_logs\2022-12-09T16_39_01_814Z-debug-0.log
24 timing npm:load:logFile Completed in 30ms
25 timing npm:load:timers Completed in 1ms
26 timing npm:load:configScope Completed in 0ms
27 timing npm:load Completed in 118ms
28 timing arborist:ctor Completed in 3ms
29 silly logfile start cleaning logs, removing 2 files
30 timing arborist:ctor Completed in 1ms
31 timing idealTree:init Completed in 97ms
32 timing idealTree:userRequests Completed in 12ms
33 silly idealTree buildDeps
34 silly fetch manifest @babel/cli@*
35 http fetch GET 200 https://npm.pkg.github.com/tatyanaprohorova/@babel%2fcli 1141ms (cache updated)
36 silly fetch manifest @babel/core@^7.0.0-0
37 http fetch GET 200 https://npm.pkg.github.com/tatyanaprohorova/@babel%2fcore 774ms (cache updated)
38 silly placeDep ROOT @babel/cli@7.19.3 OK for: @tatyanaprohorova/for_uni_lib@1.0.0 want: *
39 silly placeDep ROOT @babel/core@7.20.5 OK for: @babel/cli@7.19.3 want: ^7.0.0-0
40 silly fetch manifest @jridgewell/trace-mapping@^0.3.8
41 silly fetch manifest commander@^4.0.1
42 silly fetch manifest convert-source-map@^1.1.0
43 silly fetch manifest fs-readdir-recursive@^1.1.0
44 silly fetch manifest glob@^7.2.0
45 silly fetch manifest make-dir@^2.1.0
46 silly fetch manifest slash@^2.0.0
47 silly fetch manifest @nicolo-ribaudo/chokidar-2@2.1.8-no-fsevents.3
48 silly fetch manifest chokidar@^3.4.0
49 silly fetch manifest @ampproject/remapping@^2.1.0
50 silly fetch manifest @babel/code-frame@^7.18.6
51 silly fetch manifest @babel/generator@^7.20.5
52 silly fetch manifest @babel/helper-compilation-targets@^7.20.0
53 silly fetch manifest @babel/helper-module-transforms@^7.20.2
54 silly fetch manifest @babel/helpers@^7.20.5
55 silly fetch manifest @babel/parser@^7.20.5
56 silly fetch manifest @babel/template@^7.18.10
57 silly fetch manifest @babel/traverse@^7.20.5
58 silly fetch manifest @babel/types@^7.20.5
59 silly fetch manifest convert-source-map@^1.7.0
60 silly fetch manifest debug@^4.1.0
61 silly fetch manifest gensync@^1.0.0-beta.2
62 silly fetch manifest json5@^2.2.1
63 silly fetch manifest semver@^6.3.0
64 http fetch GET 200 https://npm.pkg.github.com/tatyanaprohorova/convert-source-map 721ms (cache updated)
65 http fetch GET 200 https://npm.pkg.github.com/tatyanaprohorova/fs-readdir-recursive 1156ms (cache updated)
66 http fetch GET 200 https://npm.pkg.github.com/tatyanaprohorova/make-dir 1407ms (cache updated)
67 http fetch GET 200 https://npm.pkg.github.com/tatyanaprohorova/slash 1407ms (cache updated)
68 http fetch GET 200 https://npm.pkg.github.com/tatyanaprohorova/@nicolo-ribaudo%2fchokidar-2 1426ms (cache updated)
69 http fetch GET 200 https://npm.pkg.github.com/tatyanaprohorova/@babel%2fhelper-compilation-targets 1429ms (cache updated)
70 http fetch GET 200 https://npm.pkg.github.com/tatyanaprohorova/@babel%2fcode-frame 1438ms (cache updated)
71 http fetch GET 200 https://npm.pkg.github.com/tatyanaprohorova/glob 1461ms (cache updated)
72 http fetch GET 200 https://npm.pkg.github.com/tatyanaprohorova/@babel%2ftemplate 1443ms (cache updated)
73 http fetch GET 200 https://npm.pkg.github.com/tatyanaprohorova/@jridgewell%2ftrace-mapping 1490ms (cache updated)
74 http fetch GET 200 https://npm.pkg.github.com/tatyanaprohorova/@babel%2fgenerator 1469ms (cache updated)
75 http fetch GET 200 https://npm.pkg.github.com/tatyanaprohorova/@ampproject%2fremapping 1478ms (cache updated)
76 http fetch GET 200 https://npm.pkg.github.com/tatyanaprohorova/commander 1520ms (cache updated)
77 http fetch GET 200 https://npm.pkg.github.com/tatyanaprohorova/chokidar 1520ms (cache updated)
78 http fetch GET 200 https://npm.pkg.github.com/tatyanaprohorova/@babel%2fhelpers 1523ms (cache updated)
79 http fetch GET 200 https://npm.pkg.github.com/tatyanaprohorova/gensync 1617ms (cache updated)
80 http fetch GET 200 https://npm.pkg.github.com/tatyanaprohorova/json5 1627ms (cache updated)
81 http fetch GET 200 https://npm.pkg.github.com/tatyanaprohorova/debug 1641ms (cache updated)
82 http fetch GET 200 https://npm.pkg.github.com/tatyanaprohorova/@babel%2ftraverse 1652ms (cache updated)
83 http fetch GET 200 https://npm.pkg.github.com/tatyanaprohorova/semver 1641ms (cache updated)
84 http fetch GET 200 https://npm.pkg.github.com/tatyanaprohorova/@babel%2fhelper-module-transforms 1676ms (cache updated)
85 http fetch GET 200 https://npm.pkg.github.com/tatyanaprohorova/@babel%2ftypes 1736ms (cache updated)
86 http fetch GET 200 https://npm.pkg.github.com/tatyanaprohorova/@babel%2fparser 1934ms (cache updated)
87 timing idealTree:#root Completed in 3974ms
88 silly placeDep ROOT @jridgewell/trace-mapping@0.3.17 OK for: @babel/cli@7.19.3 want: ^0.3.8
89 silly placeDep ROOT @nicolo-ribaudo/chokidar-2@2.1.8-no-fsevents.3 OK for: @babel/cli@7.19.3 want: 2.1.8-no-fsevents.3
90 silly placeDep ROOT chokidar@3.5.3 OK for: @babel/cli@7.19.3 want: ^3.4.0
91 silly placeDep ROOT commander@4.1.1 OK for: @babel/cli@7.19.3 want: ^4.0.1
92 silly placeDep ROOT convert-source-map@1.9.0 OK for: @babel/cli@7.19.3 want: ^1.1.0
93 silly placeDep ROOT fs-readdir-recursive@1.1.0 OK for: @babel/cli@7.19.3 want: ^1.1.0
94 silly placeDep ROOT glob@7.2.3 OK for: @babel/cli@7.19.3 want: ^7.2.0
95 silly placeDep ROOT make-dir@2.1.0 OK for: @babel/cli@7.19.3 want: ^2.1.0
96 silly placeDep ROOT slash@2.0.0 OK for: @babel/cli@7.19.3 want: ^2.0.0
97 silly fetch manifest @jridgewell/resolve-uri@3.1.0
98 silly fetch manifest @jridgewell/sourcemap-codec@1.4.14
99 silly fetch manifest anymatch@~3.1.2
100 silly fetch manifest braces@~3.0.2
101 silly fetch manifest glob-parent@~5.1.2
102 silly fetch manifest is-binary-path@~2.1.0
103 silly fetch manifest is-glob@~4.0.1
104 silly fetch manifest normalize-path@~3.0.0
105 silly fetch manifest readdirp@~3.6.0
106 silly fetch manifest fsevents@~2.3.2
107 silly fetch manifest fs.realpath@^1.0.0
108 silly fetch manifest inflight@^1.0.4
109 silly fetch manifest inherits@2
110 silly fetch manifest minimatch@^3.1.1
111 silly fetch manifest once@^1.3.0
112 silly fetch manifest path-is-absolute@^1.0.0
113 silly fetch manifest pify@^4.0.1
114 silly fetch manifest semver@^5.6.0
115 http fetch GET 200 https://npm.pkg.github.com/tatyanaprohorova/normalize-path 672ms (cache updated)
116 http fetch GET 200 https://npm.pkg.github.com/tatyanaprohorova/is-glob 678ms (cache updated)
117 http fetch GET 200 https://npm.pkg.github.com/tatyanaprohorova/anymatch 702ms (cache updated)
118 http fetch GET 200 https://npm.pkg.github.com/tatyanaprohorova/@jridgewell%2fresolve-uri 720ms (cache updated)
119 http fetch GET 200 https://npm.pkg.github.com/tatyanaprohorova/glob-parent 700ms (cache updated)
120 http fetch GET 200 https://npm.pkg.github.com/tatyanaprohorova/inherits 680ms (cache updated)
121 http fetch GET 200 https://npm.pkg.github.com/tatyanaprohorova/is-binary-path 703ms (cache updated)
122 http fetch GET 200 https://npm.pkg.github.com/tatyanaprohorova/@jridgewell%2fsourcemap-codec 738ms (cache updated)
123 http fetch GET 200 https://npm.pkg.github.com/tatyanaprohorova/once 692ms (cache updated)
124 http fetch GET 200 https://npm.pkg.github.com/tatyanaprohorova/inflight 703ms (cache updated)
125 http fetch GET 200 https://npm.pkg.github.com/tatyanaprohorova/braces 729ms (cache updated)
126 http fetch GET 200 https://npm.pkg.github.com/tatyanaprohorova/fs.realpath 712ms (cache updated)
127 http fetch GET 200 https://npm.pkg.github.com/tatyanaprohorova/readdirp 762ms (cache updated)
128 http fetch GET 200 https://npm.pkg.github.com/tatyanaprohorova/minimatch 751ms (cache updated)
129 http fetch GET 200 https://npm.pkg.github.com/tatyanaprohorova/fsevents 774ms (cache updated)
130 http fetch GET 200 https://npm.pkg.github.com/tatyanaprohorova/path-is-absolute 762ms (cache updated)
131 http fetch GET 200 https://npm.pkg.github.com/tatyanaprohorova/pify 776ms (cache updated)
132 timing idealTree:node_modules/@babel/cli Completed in 897ms
133 silly fetch manifest @babel/core@^7.0.0
134 silly placeDep ROOT @ampproject/remapping@2.2.0 OK for: @babel/core@7.20.5 want: ^2.1.0
135 silly placeDep ROOT @babel/code-frame@7.18.6 OK for: @babel/core@7.20.5 want: ^7.18.6
136 silly placeDep ROOT @babel/generator@7.20.5 OK for: @babel/core@7.20.5 want: ^7.20.5
137 silly placeDep ROOT @babel/helper-compilation-targets@7.20.0 OK for: @babel/core@7.20.5 want: ^7.20.0
138 silly placeDep ROOT @babel/helper-module-transforms@7.20.2 OK for: @babel/core@7.20.5 want: ^7.20.2
139 silly placeDep ROOT @babel/helpers@7.20.6 OK for: @babel/core@7.20.5 want: ^7.20.5
140 silly placeDep ROOT @babel/parser@7.20.5 OK for: @babel/core@7.20.5 want: ^7.20.5
141 silly placeDep ROOT @babel/template@7.18.10 OK for: @babel/core@7.20.5 want: ^7.18.10
142 silly placeDep ROOT @babel/traverse@7.20.5 OK for: @babel/core@7.20.5 want: ^7.20.5
143 silly placeDep ROOT @babel/types@7.20.5 OK for: @babel/core@7.20.5 want: ^7.20.5
144 silly placeDep ROOT debug@4.3.4 OK for: @babel/core@7.20.5 want: ^4.1.0
145 silly placeDep ROOT gensync@1.0.0-beta.2 OK for: @babel/core@7.20.5 want: ^1.0.0-beta.2
146 silly placeDep ROOT json5@2.2.1 OK for: @babel/core@7.20.5 want: ^2.2.1
147 silly placeDep ROOT semver@6.3.0 OK for: @babel/core@7.20.5 want: ^6.3.0
148 silly fetch manifest @jridgewell/gen-mapping@^0.1.0
149 silly fetch manifest @babel/highlight@^7.18.6
150 silly fetch manifest @jridgewell/gen-mapping@^0.3.2
151 silly fetch manifest jsesc@^2.5.1
152 silly fetch manifest @babel/compat-data@^7.20.0
153 silly fetch manifest @babel/helper-validator-option@^7.18.6
154 silly fetch manifest browserslist@^4.21.3
155 silly fetch manifest @babel/helper-environment-visitor@^7.18.9
156 silly fetch manifest @babel/helper-module-imports@^7.18.6
157 silly fetch manifest @babel/helper-simple-access@^7.20.2
158 silly fetch manifest @babel/helper-split-export-declaration@^7.18.6
159 silly fetch manifest @babel/helper-validator-identifier@^7.19.1
160 silly fetch manifest @babel/helper-function-name@^7.19.0
161 silly fetch manifest @babel/helper-hoist-variables@^7.18.6
162 silly fetch manifest globals@^11.1.0
163 silly fetch manifest @babel/helper-string-parser@^7.19.4
164 silly fetch manifest to-fast-properties@^2.0.0
165 silly fetch manifest ms@2.1.2
166 http fetch GET 200 https://npm.pkg.github.com/tatyanaprohorova/@babel%2fhelper-environment-visitor 681ms (cache updated)
167 http fetch GET 200 https://npm.pkg.github.com/tatyanaprohorova/@babel%2fhelper-function-name 671ms (cache updated)
168 http fetch GET 200 https://npm.pkg.github.com/tatyanaprohorova/@babel%2fhelper-validator-identifier 721ms (cache updated)
169 http fetch GET 200 https://npm.pkg.github.com/tatyanaprohorova/@babel%2fhighlight 800ms (cache updated)
170 http fetch GET 200 https://npm.pkg.github.com/tatyanaprohorova/@jridgewell%2fgen-mapping 807ms (cache updated)
171 http fetch GET 200 https://npm.pkg.github.com/tatyanaprohorova/@babel%2fhelper-string-parser 764ms (cache updated)
172 http fetch GET 200 https://npm.pkg.github.com/tatyanaprohorova/jsesc 809ms (cache updated)
173 http fetch GET 200 https://npm.pkg.github.com/tatyanaprohorova/@babel%2fcompat-data 823ms (cache updated)
174 http fetch GET 200 https://npm.pkg.github.com/tatyanaprohorova/@babel%2fhelper-validator-option 826ms (cache updated)
175 http fetch GET 200 https://npm.pkg.github.com/tatyanaprohorova/globals 800ms (cache updated)
176 http fetch GET 200 https://npm.pkg.github.com/tatyanaprohorova/@babel%2fhelper-module-imports 840ms (cache updated)
177 http fetch GET 200 https://npm.pkg.github.com/tatyanaprohorova/@babel%2fhelper-simple-access 852ms (cache updated)
178 http fetch GET 200 https://npm.pkg.github.com/tatyanaprohorova/@babel%2fhelper-hoist-variables 841ms (cache updated)
179 http fetch GET 200 https://npm.pkg.github.com/tatyanaprohorova/@babel%2fhelper-split-export-declaration 862ms (cache updated)
180 http fetch GET 200 https://npm.pkg.github.com/tatyanaprohorova/to-fast-properties 847ms (cache updated)
181 http fetch GET 200 https://npm.pkg.github.com/tatyanaprohorova/browserslist 886ms (cache updated)
182 http fetch GET 200 https://npm.pkg.github.com/tatyanaprohorova/ms 860ms (cache updated)
183 timing idealTree:node_modules/@babel/core Completed in 1014ms
184 silly placeDep ROOT @jridgewell/gen-mapping@0.1.1 OK for: @ampproject/remapping@2.2.0 want: ^0.1.0
185 silly fetch manifest @jridgewell/set-array@^1.0.0
186 silly fetch manifest @jridgewell/sourcemap-codec@^1.4.10
187 http fetch GET 200 https://npm.pkg.github.com/tatyanaprohorova/@jridgewell%2fset-array 336ms (cache updated)
188 timing idealTree:node_modules/@ampproject/remapping Completed in 346ms
189 silly placeDep ROOT @babel/highlight@7.18.6 OK for: @babel/code-frame@7.18.6 want: ^7.18.6
190 silly fetch manifest @babel/helper-validator-identifier@^7.18.6
191 silly fetch manifest chalk@^2.0.0
192 silly fetch manifest js-tokens@^4.0.0
193 http fetch GET 200 https://npm.pkg.github.com/tatyanaprohorova/chalk 374ms (cache updated)
194 http fetch GET 200 https://npm.pkg.github.com/tatyanaprohorova/js-tokens 379ms (cache updated)
195 timing idealTree:node_modules/@babel/code-frame Completed in 393ms
196 silly placeDep node_modules/@babel/generator @jridgewell/gen-mapping@0.3.2 OK for: @babel/generator@7.20.5 want: ^0.3.2
197 silly placeDep ROOT jsesc@2.5.2 OK for: @babel/generator@7.20.5 want: ^2.5.1
198 silly fetch manifest @jridgewell/set-array@^1.0.1
199 timing idealTree:node_modules/@babel/generator Completed in 15ms
200 silly placeDep ROOT @babel/compat-data@7.20.5 OK for: @babel/helper-compilation-targets@7.20.0 want: ^7.20.0
201 silly placeDep ROOT @babel/helper-validator-option@7.18.6 OK for: @babel/helper-compilation-targets@7.20.0 want: ^7.18.6
202 silly placeDep ROOT browserslist@4.21.4 OK for: @babel/helper-compilation-targets@7.20.0 want: ^4.21.3
203 silly fetch manifest caniuse-lite@^1.0.30001400
204 silly fetch manifest electron-to-chromium@^1.4.251
205 silly fetch manifest node-releases@^2.0.6
206 silly fetch manifest update-browserslist-db@^1.0.9
207 http fetch GET 200 https://npm.pkg.github.com/tatyanaprohorova/update-browserslist-db 315ms (cache updated)
208 http fetch GET 200 https://npm.pkg.github.com/tatyanaprohorova/node-releases 565ms (cache updated)
209 http fetch GET 200 https://npm.pkg.github.com/tatyanaprohorova/caniuse-lite 1056ms (cache updated)
210 http fetch GET 200 https://npm.pkg.github.com/tatyanaprohorova/electron-to-chromium 1639ms (cache updated)
211 timing idealTree:node_modules/@babel/helper-compilation-targets Completed in 1692ms
212 timing idealTree:node_modules/@babel/compat-data Completed in 0ms
213 silly placeDep ROOT @babel/helper-environment-visitor@7.18.9 OK for: @babel/helper-module-transforms@7.20.2 want: ^7.18.9
214 silly placeDep ROOT @babel/helper-module-imports@7.18.6 OK for: @babel/helper-module-transforms@7.20.2 want: ^7.18.6
215 silly placeDep ROOT @babel/helper-simple-access@7.20.2 OK for: @babel/helper-module-transforms@7.20.2 want: ^7.20.2
216 silly placeDep ROOT @babel/helper-split-export-declaration@7.18.6 OK for: @babel/helper-module-transforms@7.20.2 want: ^7.18.6
217 silly placeDep ROOT @babel/helper-validator-identifier@7.19.1 OK for: @babel/helper-module-transforms@7.20.2 want: ^7.19.1
218 timing idealTree:node_modules/@babel/helper-module-transforms Completed in 26ms
219 timing idealTree:node_modules/@babel/helper-environment-visitor Completed in 0ms
220 timing idealTree:node_modules/@babel/helper-module-imports Completed in 0ms
221 timing idealTree:node_modules/@babel/helper-simple-access Completed in 0ms
222 timing idealTree:node_modules/@babel/helper-split-export-declaration Completed in 0ms
223 timing idealTree:node_modules/@babel/helper-validator-identifier Completed in 0ms
224 timing idealTree:node_modules/@babel/helper-validator-option Completed in 0ms
225 timing idealTree:node_modules/@babel/helpers Completed in 0ms
226 silly placeDep ROOT chalk@2.4.2 OK for: @babel/highlight@7.18.6 want: ^2.0.0
227 silly placeDep ROOT js-tokens@4.0.0 OK for: @babel/highlight@7.18.6 want: ^4.0.0
228 silly fetch manifest ansi-styles@^3.2.1
229 silly fetch manifest escape-string-regexp@^1.0.5
230 silly fetch manifest supports-color@^5.3.0
231 http fetch GET 200 https://npm.pkg.github.com/tatyanaprohorova/ansi-styles 323ms (cache updated)
232 http fetch GET 200 https://npm.pkg.github.com/tatyanaprohorova/supports-color 350ms (cache updated)
233 http fetch GET 200 https://npm.pkg.github.com/tatyanaprohorova/escape-string-regexp 358ms (cache updated)
234 timing idealTree:node_modules/@babel/highlight Completed in 373ms
235 timing idealTree:node_modules/@babel/parser Completed in 0ms
236 timing idealTree:node_modules/@babel/template Completed in 0ms
237 silly placeDep ROOT @babel/helper-function-name@7.19.0 OK for: @babel/traverse@7.20.5 want: ^7.19.0
238 silly placeDep ROOT @babel/helper-hoist-variables@7.18.6 OK for: @babel/traverse@7.20.5 want: ^7.18.6
239 silly placeDep ROOT globals@11.12.0 OK for: @babel/traverse@7.20.5 want: ^11.1.0
240 timing idealTree:node_modules/@babel/traverse Completed in 16ms
241 timing idealTree:node_modules/@babel/helper-function-name Completed in 1ms
242 timing idealTree:node_modules/@babel/helper-hoist-variables Completed in 0ms
243 silly placeDep ROOT @babel/helper-string-parser@7.19.4 OK for: @babel/types@7.20.5 want: ^7.19.4
244 silly placeDep ROOT to-fast-properties@2.0.0 OK for: @babel/types@7.20.5 want: ^2.0.0
245 timing idealTree:node_modules/@babel/types Completed in 11ms
246 timing idealTree:node_modules/@babel/helper-string-parser Completed in 0ms
247 silly placeDep ROOT @jridgewell/set-array@1.1.2 OK for: @jridgewell/gen-mapping@0.1.1 want: ^1.0.0
248 silly placeDep ROOT @jridgewell/sourcemap-codec@1.4.14 OK for: @jridgewell/gen-mapping@0.1.1 want: ^1.4.10
249 timing idealTree:node_modules/@jridgewell/gen-mapping Completed in 10ms
250 timing idealTree:node_modules/@jridgewell/set-array Completed in 0ms
251 timing idealTree:node_modules/@jridgewell/sourcemap-codec Completed in 0ms
252 silly placeDep ROOT @jridgewell/resolve-uri@3.1.0 OK for: @jridgewell/trace-mapping@0.3.17 want: 3.1.0
253 timing idealTree:node_modules/@jridgewell/trace-mapping Completed in 5ms
254 timing idealTree:node_modules/@jridgewell/resolve-uri Completed in 0ms
255 timing idealTree:node_modules/@nicolo-ribaudo/chokidar-2 Completed in 1ms
256 silly fetch manifest browserslist@>= 4.21.0
257 silly placeDep ROOT caniuse-lite@1.0.30001439 OK for: browserslist@4.21.4 want: ^1.0.30001400
258 silly placeDep ROOT electron-to-chromium@1.4.284 OK for: browserslist@4.21.4 want: ^1.4.251
259 silly placeDep ROOT node-releases@2.0.6 OK for: browserslist@4.21.4 want: ^2.0.6
260 silly placeDep ROOT update-browserslist-db@1.0.10 OK for: browserslist@4.21.4 want: ^1.0.9
261 silly fetch manifest escalade@^3.1.1
262 silly fetch manifest picocolors@^1.0.0
263 http fetch GET 200 https://npm.pkg.github.com/tatyanaprohorova/escalade 305ms (cache updated)
264 http fetch GET 200 https://npm.pkg.github.com/tatyanaprohorova/picocolors 322ms (cache updated)
265 timing idealTree:node_modules/browserslist Completed in 359ms
266 timing idealTree:node_modules/caniuse-lite Completed in 0ms
267 silly placeDep ROOT ansi-styles@3.2.1 OK for: chalk@2.4.2 want: ^3.2.1
268 silly placeDep ROOT escape-string-regexp@1.0.5 OK for: chalk@2.4.2 want: ^1.0.5
269 silly placeDep ROOT supports-color@5.5.0 OK for: chalk@2.4.2 want: ^5.3.0
270 silly fetch manifest color-convert@^1.9.0
271 silly fetch manifest has-flag@^3.0.0
272 http fetch GET 200 https://npm.pkg.github.com/tatyanaprohorova/has-flag 319ms (cache updated)
273 http fetch GET 200 https://npm.pkg.github.com/tatyanaprohorova/color-convert 325ms (cache updated)
274 timing idealTree:node_modules/chalk Completed in 344ms
275 silly placeDep ROOT color-convert@1.9.3 OK for: ansi-styles@3.2.1 want: ^1.9.0
276 silly fetch manifest color-name@1.1.3
277 http fetch GET 200 https://npm.pkg.github.com/tatyanaprohorova/color-name 275ms (cache updated)
278 timing idealTree:node_modules/ansi-styles Completed in 284ms
279 silly placeDep ROOT anymatch@3.1.3 OK for: chokidar@3.5.3 want: ~3.1.2
280 silly placeDep ROOT braces@3.0.2 OK for: chokidar@3.5.3 want: ~3.0.2
281 silly placeDep ROOT fsevents@2.3.2 OK for: chokidar@3.5.3 want: ~2.3.2
282 silly placeDep ROOT glob-parent@5.1.2 OK for: chokidar@3.5.3 want: ~5.1.2
283 silly placeDep ROOT is-binary-path@2.1.0 OK for: chokidar@3.5.3 want: ~2.1.0
284 silly placeDep ROOT is-glob@4.0.3 OK for: chokidar@3.5.3 want: ~4.0.1
285 silly placeDep ROOT normalize-path@3.0.0 OK for: chokidar@3.5.3 want: ~3.0.0
286 silly placeDep ROOT readdirp@3.6.0 OK for: chokidar@3.5.3 want: ~3.6.0
287 silly fetch manifest picomatch@^2.0.4
288 silly fetch manifest fill-range@^7.0.1
289 silly fetch manifest binary-extensions@^2.0.0
290 silly fetch manifest is-extglob@^2.1.1
291 silly fetch manifest picomatch@^2.2.1
292 http fetch GET 200 https://npm.pkg.github.com/tatyanaprohorova/is-extglob 338ms (cache updated)
293 http fetch GET 200 https://npm.pkg.github.com/tatyanaprohorova/picomatch 365ms (cache updated)
294 http fetch GET 200 https://npm.pkg.github.com/tatyanaprohorova/fill-range 399ms (cache updated)
295 http fetch GET 200 https://npm.pkg.github.com/tatyanaprohorova/binary-extensions 444ms (cache updated)
296 timing idealTree:node_modules/chokidar Completed in 494ms
297 silly placeDep ROOT picomatch@2.3.1 OK for: anymatch@3.1.3 want: ^2.0.4
298 timing idealTree:node_modules/anymatch Completed in 6ms
299 silly placeDep ROOT fill-range@7.0.1 OK for: braces@3.0.2 want: ^7.0.1
300 silly fetch manifest to-regex-range@^5.0.1
301 http fetch GET 200 https://npm.pkg.github.com/tatyanaprohorova/to-regex-range 292ms (cache updated)
302 timing idealTree:node_modules/braces Completed in 301ms
303 silly placeDep ROOT color-name@1.1.3 OK for: color-convert@1.9.3 want: 1.1.3
304 timing idealTree:node_modules/color-convert Completed in 3ms
305 timing idealTree:node_modules/color-name Completed in 0ms
306 timing idealTree:node_modules/commander Completed in 0ms
307 timing idealTree:node_modules/convert-source-map Completed in 0ms
308 silly placeDep ROOT ms@2.1.2 OK for: debug@4.3.4 want: 2.1.2
309 timing idealTree:node_modules/debug Completed in 3ms
310 timing idealTree:node_modules/electron-to-chromium Completed in 1ms
311 timing idealTree:node_modules/escape-string-regexp Completed in 0ms
312 silly placeDep ROOT to-regex-range@5.0.1 OK for: fill-range@7.0.1 want: ^5.0.1
313 silly fetch manifest is-number@^7.0.0
314 http fetch GET 200 https://npm.pkg.github.com/tatyanaprohorova/is-number 326ms (cache updated)
315 timing idealTree:node_modules/fill-range Completed in 333ms
316 timing idealTree:node_modules/fs-readdir-recursive Completed in 0ms
317 timing idealTree:node_modules/fsevents Completed in 0ms
318 timing idealTree:node_modules/gensync Completed in 0ms
319 silly placeDep ROOT fs.realpath@1.0.0 OK for: glob@7.2.3 want: ^1.0.0
320 silly placeDep ROOT inflight@1.0.6 OK for: glob@7.2.3 want: ^1.0.4
321 silly placeDep ROOT inherits@2.0.4 OK for: glob@7.2.3 want: 2
322 silly placeDep ROOT minimatch@3.1.2 OK for: glob@7.2.3 want: ^3.1.1
323 silly placeDep ROOT once@1.4.0 OK for: glob@7.2.3 want: ^1.3.0
324 silly placeDep ROOT path-is-absolute@1.0.1 OK for: glob@7.2.3 want: ^1.0.0
325 silly fetch manifest wrappy@1
326 silly fetch manifest brace-expansion@^1.1.7
327 http fetch GET 200 https://npm.pkg.github.com/tatyanaprohorova/wrappy 319ms (cache updated)
328 http fetch GET 200 https://npm.pkg.github.com/tatyanaprohorova/brace-expansion 319ms (cache updated)
329 timing idealTree:node_modules/glob Completed in 351ms
330 timing idealTree:node_modules/fs.realpath Completed in 0ms
331 timing idealTree:node_modules/glob-parent Completed in 0ms
332 timing idealTree:node_modules/globals Completed in 0ms
333 silly placeDep ROOT wrappy@1.0.2 OK for: inflight@1.0.6 want: 1
334 timing idealTree:node_modules/inflight Completed in 4ms
335 timing idealTree:node_modules/inherits Completed in 0ms
336 silly placeDep ROOT binary-extensions@2.2.0 OK for: is-binary-path@2.1.0 want: ^2.0.0
337 timing idealTree:node_modules/is-binary-path Completed in 3ms
338 timing idealTree:node_modules/binary-extensions Completed in 0ms
339 silly placeDep ROOT is-extglob@2.1.1 OK for: is-glob@4.0.3 want: ^2.1.1
340 timing idealTree:node_modules/is-glob Completed in 8ms
341 timing idealTree:node_modules/is-extglob Completed in 0ms
342 timing idealTree:node_modules/js-tokens Completed in 0ms
343 timing idealTree:node_modules/jsesc Completed in 0ms
344 timing idealTree:node_modules/json5 Completed in 0ms
345 silly placeDep ROOT pify@4.0.1 OK for: make-dir@2.1.0 want: ^4.0.1
346 silly placeDep node_modules/make-dir semver@5.7.1 OK for: make-dir@2.1.0 want: ^5.6.0
347 timing idealTree:node_modules/make-dir Completed in 7ms
348 silly placeDep ROOT brace-expansion@1.1.11 OK for: minimatch@3.1.2 want: ^1.1.7
349 silly fetch manifest balanced-match@^1.0.0
350 silly fetch manifest concat-map@0.0.1
351 http fetch GET 200 https://npm.pkg.github.com/tatyanaprohorova/balanced-match 325ms (cache updated)
352 http fetch GET 200 https://npm.pkg.github.com/tatyanaprohorova/concat-map 327ms (cache updated)
353 timing idealTree:node_modules/minimatch Completed in 338ms
354 silly placeDep ROOT balanced-match@1.0.2 OK for: brace-expansion@1.1.11 want: ^1.0.0
355 silly placeDep ROOT concat-map@0.0.1 OK for: brace-expansion@1.1.11 want: 0.0.1
356 timing idealTree:node_modules/brace-expansion Completed in 7ms
357 timing idealTree:node_modules/balanced-match Completed in 0ms
358 timing idealTree:node_modules/concat-map Completed in 0ms
359 timing idealTree:node_modules/ms Completed in 0ms
360 timing idealTree:node_modules/node-releases Completed in 0ms
361 timing idealTree:node_modules/normalize-path Completed in 0ms
362 timing idealTree:node_modules/once Completed in 0ms
363 timing idealTree:node_modules/path-is-absolute Completed in 1ms
364 timing idealTree:node_modules/picomatch Completed in 0ms
365 timing idealTree:node_modules/pify Completed in 0ms
366 timing idealTree:node_modules/readdirp Completed in 0ms
367 timing idealTree:node_modules/semver Completed in 0ms
368 timing idealTree:node_modules/slash Completed in 0ms
369 silly placeDep ROOT has-flag@3.0.0 OK for: supports-color@5.5.0 want: ^3.0.0
370 timing idealTree:node_modules/supports-color Completed in 4ms
371 timing idealTree:node_modules/has-flag Completed in 0ms
372 timing idealTree:node_modules/to-fast-properties Completed in 0ms
373 silly placeDep ROOT is-number@7.0.0 OK for: to-regex-range@5.0.1 want: ^7.0.0
374 timing idealTree:node_modules/to-regex-range Completed in 3ms
375 timing idealTree:node_modules/is-number Completed in 0ms
376 silly placeDep ROOT escalade@3.1.1 OK for: update-browserslist-db@1.0.10 want: ^3.1.1
377 silly placeDep ROOT picocolors@1.0.0 OK for: update-browserslist-db@1.0.10 want: ^1.0.0
378 timing idealTree:node_modules/update-browserslist-db Completed in 7ms
379 timing idealTree:node_modules/escalade Completed in 0ms
380 timing idealTree:node_modules/picocolors Completed in 0ms
381 timing idealTree:node_modules/wrappy Completed in 0ms
382 timing idealTree:node_modules/@babel/generator/node_modules/@jridgewell/gen-mapping Completed in 0ms
383 timing idealTree:node_modules/make-dir/node_modules/semver Completed in 0ms
384 timing idealTree:buildDeps Completed in 11679ms
385 timing idealTree:fixDepFlags Completed in 5ms
386 timing idealTree Completed in 11805ms
387 timing reify:loadTrees Completed in 11815ms
388 timing reify:diffTrees Completed in 14ms
389 silly reify moves {}
390 timing reify:retireShallow Completed in 5ms
391 timing reify:createSparse Completed in 130ms
392 timing reify:loadBundles Completed in 0ms
393 silly audit bulk request {
393 silly audit   '@babel/cli': [ '7.19.3' ],
393 silly audit   '@babel/core': [ '7.20.5' ],
393 silly audit   '@jridgewell/trace-mapping': [ '0.3.17' ],
393 silly audit   '@nicolo-ribaudo/chokidar-2': [ '2.1.8-no-fsevents.3' ],
393 silly audit   chokidar: [ '3.5.3' ],
393 silly audit   commander: [ '4.1.1' ],
393 silly audit   'convert-source-map': [ '1.9.0' ],
393 silly audit   'fs-readdir-recursive': [ '1.1.0' ],
393 silly audit   glob: [ '7.2.3' ],
393 silly audit   'make-dir': [ '2.1.0' ],
393 silly audit   slash: [ '2.0.0' ],
393 silly audit   '@ampproject/remapping': [ '2.2.0' ],
393 silly audit   '@babel/code-frame': [ '7.18.6' ],
393 silly audit   '@babel/generator': [ '7.20.5' ],
393 silly audit   '@babel/helper-compilation-targets': [ '7.20.0' ],
393 silly audit   '@babel/helper-module-transforms': [ '7.20.2' ],
393 silly audit   '@babel/helpers': [ '7.20.6' ],
393 silly audit   '@babel/parser': [ '7.20.5' ],
393 silly audit   '@babel/template': [ '7.18.10' ],
393 silly audit   '@babel/traverse': [ '7.20.5' ],
393 silly audit   '@babel/types': [ '7.20.5' ],
393 silly audit   debug: [ '4.3.4' ],
393 silly audit   gensync: [ '1.0.0-beta.2' ],
393 silly audit   json5: [ '2.2.1' ],
393 silly audit   semver: [ '6.3.0', '5.7.1' ],
393 silly audit   '@jridgewell/gen-mapping': [ '0.1.1', '0.3.2' ],
393 silly audit   '@babel/highlight': [ '7.18.6' ],
393 silly audit   jsesc: [ '2.5.2' ],
393 silly audit   '@babel/compat-data': [ '7.20.5' ],
393 silly audit   '@babel/helper-validator-option': [ '7.18.6' ],
393 silly audit   browserslist: [ '4.21.4' ],
393 silly audit   '@babel/helper-environment-visitor': [ '7.18.9' ],
393 silly audit   '@babel/helper-module-imports': [ '7.18.6' ],
393 silly audit   '@babel/helper-simple-access': [ '7.20.2' ],
393 silly audit   '@babel/helper-split-export-declaration': [ '7.18.6' ],
393 silly audit   '@babel/helper-validator-identifier': [ '7.19.1' ],
393 silly audit   chalk: [ '2.4.2' ],
393 silly audit   'js-tokens': [ '4.0.0' ],
393 silly audit   '@babel/helper-function-name': [ '7.19.0' ],
393 silly audit   '@babel/helper-hoist-variables': [ '7.18.6' ],
393 silly audit   globals: [ '11.12.0' ],
393 silly audit   '@babel/helper-string-parser': [ '7.19.4' ],
393 silly audit   'to-fast-properties': [ '2.0.0' ],
393 silly audit   '@jridgewell/set-array': [ '1.1.2' ],
393 silly audit   '@jridgewell/sourcemap-codec': [ '1.4.14' ],
393 silly audit   '@jridgewell/resolve-uri': [ '3.1.0' ],
393 silly audit   'caniuse-lite': [ '1.0.30001439' ],
393 silly audit   'electron-to-chromium': [ '1.4.284' ],
393 silly audit   'node-releases': [ '2.0.6' ],
393 silly audit   'update-browserslist-db': [ '1.0.10' ],
393 silly audit   'ansi-styles': [ '3.2.1' ],
393 silly audit   'escape-string-regexp': [ '1.0.5' ],
393 silly audit   'supports-color': [ '5.5.0' ],
393 silly audit   'color-convert': [ '1.9.3' ],
393 silly audit   anymatch: [ '3.1.3' ],
393 silly audit   braces: [ '3.0.2' ],
393 silly audit   fsevents: [ '2.3.2' ],
393 silly audit   'glob-parent': [ '5.1.2' ],
393 silly audit   'is-binary-path': [ '2.1.0' ],
393 silly audit   'is-glob': [ '4.0.3' ],
393 silly audit   'normalize-path': [ '3.0.0' ],
393 silly audit   readdirp: [ '3.6.0' ],
393 silly audit   picomatch: [ '2.3.1' ],
393 silly audit   'fill-range': [ '7.0.1' ],
393 silly audit   'color-name': [ '1.1.3' ],
393 silly audit   ms: [ '2.1.2' ],
393 silly audit   'to-regex-range': [ '5.0.1' ],
393 silly audit   'fs.realpath': [ '1.0.0' ],
393 silly audit   inflight: [ '1.0.6' ],
393 silly audit   inherits: [ '2.0.4' ],
393 silly audit   minimatch: [ '3.1.2' ],
393 silly audit   once: [ '1.4.0' ],
393 silly audit   'path-is-absolute': [ '1.0.1' ],
393 silly audit   wrappy: [ '1.0.2' ],
393 silly audit   'binary-extensions': [ '2.2.0' ],
393 silly audit   'is-extglob': [ '2.1.1' ],
393 silly audit   pify: [ '4.0.1' ],
393 silly audit   'brace-expansion': [ '1.1.11' ],
393 silly audit   'balanced-match': [ '1.0.2' ],
393 silly audit   'concat-map': [ '0.0.1' ],
393 silly audit   'has-flag': [ '3.0.0' ],
393 silly audit   'is-number': [ '7.0.0' ],
393 silly audit   escalade: [ '3.1.1' ],
393 silly audit   picocolors: [ '1.0.0' ]
393 silly audit }
394 verbose reify failed optional dependency D:\HW_JS_Browser\browser_vs_node\for_uni_lib\node_modules\fsevents
395 silly reify mark deleted [
395 silly reify   'D:\\HW_JS_Browser\\browser_vs_node\\for_uni_lib\\node_modules\\fsevents'
395 silly reify ]
396 timing reifyNode:node_modules/fsevents Completed in 105ms
397 silly tarball no local data for caniuse-lite@https://npm.pkg.github.com/tatyanaprohorova/caniuse-lite/-/caniuse-lite-1.0.30001439.tgz. Extracting by manifest.
398 silly tarball no local data for @babel/compat-data@https://npm.pkg.github.com/tatyanaprohorova/@babel/compat-data/-/compat-data-7.20.5.tgz. Extracting by manifest.
399 silly tarball no local data for @babel/types@https://npm.pkg.github.com/tatyanaprohorova/@babel/types/-/types-7.20.5.tgz. Extracting by manifest.
400 silly tarball no local data for @babel/traverse@https://npm.pkg.github.com/tatyanaprohorova/@babel/traverse/-/traverse-7.20.5.tgz. Extracting by manifest.
401 silly tarball no local data for @babel/parser@https://npm.pkg.github.com/tatyanaprohorova/@babel/parser/-/parser-7.20.5.tgz. Extracting by manifest.
402 silly tarball no local data for @babel/helpers@https://npm.pkg.github.com/tatyanaprohorova/@babel/helpers/-/helpers-7.20.6.tgz. Extracting by manifest.
403 silly tarball no local data for @babel/generator@https://npm.pkg.github.com/tatyanaprohorova/@babel/generator/-/generator-7.20.5.tgz. Extracting by manifest.
404 silly tarball no local data for @babel/core@https://npm.pkg.github.com/tatyanaprohorova/@babel/core/-/core-7.20.5.tgz. Extracting by manifest.
405 http fetch POST 404 https://npm.pkg.github.com/tatyanaprohorova/-/npm/v1/security/advisories/bulk 488ms
406 silly audit bulk request failed 404 page not found
406 silly audit
407 http fetch GET 405 https://npm.pkg.github.com/tatyanaprohorova/@babel/compat-data/-/compat-data-7.20.5.tgz 659ms (cache skip)
408 http fetch GET 404 https://npm.pkg.github.com/tatyanaprohorova/caniuse-lite/-/caniuse-lite-1.0.30001439.tgz 688ms (cache skip)
409 http fetch GET 405 https://npm.pkg.github.com/tatyanaprohorova/@babel/types/-/types-7.20.5.tgz 651ms (cache skip)
410 http fetch POST 404 https://npm.pkg.github.com/tatyanaprohorova/-/npm/v1/security/audits/quick 454ms
411 verbose audit error HttpErrorGeneral: 404 Not Found - POST https://npm.pkg.github.com/tatyanaprohorova/-/npm/v1/security/audits/quick
411 verbose audit error     at C:\Program Files\nodejs\node_modules\npm\node_modules\npm-registry-fetch\lib\check-response.js:103:15
411 verbose audit error     at runMicrotasks (<anonymous>)
411 verbose audit error     at processTicksAndRejections (node:internal/process/task_queues:96:5)
411 verbose audit error     at async Map.[getReport] (C:\Program Files\nodejs\node_modules\npm\node_modules\@npmcli\arborist\lib\audit-report.js:337:21)
411 verbose audit error     at async Map.run (C:\Program Files\nodejs\node_modules\npm\node_modules\@npmcli\arborist\lib\audit-report.js:107:19) {
411 verbose audit error   headers: [Object: null prototype] {
411 verbose audit error     'content-type': [ 'text/plain; charset=utf-8' ],
411 verbose audit error     'x-content-type-options': [ 'nosniff' ],
411 verbose audit error     date: [ 'Fri, 09 Dec 2022 16:39:16 GMT' ],
411 verbose audit error     'content-length': [ '19' ],
411 verbose audit error     'x-github-request-id': [ 'DD90:71C1:562A9:59C7C:639364B4' ],
411 verbose audit error     'x-fetch-attempts': [ '1' ]
411 verbose audit error   },
411 verbose audit error   statusCode: 404,
411 verbose audit error   code: 'E404',
411 verbose audit error   method: 'POST',
411 verbose audit error   uri: 'https://npm.pkg.github.com/tatyanaprohorova/-/npm/v1/security/audits/quick',
411 verbose audit error   body: <Buffer 34 30 34 20 70 61 67 65 20 6e 6f 74 20 66 6f 75 6e 64 0a>,
411 verbose audit error   pkgid: 'quick'
411 verbose audit error }
412 silly audit error 404 page not found
412 silly audit error
413 timing auditReport:getReport Completed in 1017ms
414 silly audit report null
415 timing reify:audit Completed in 1020ms
416 http fetch GET 405 https://npm.pkg.github.com/tatyanaprohorova/@babel/parser/-/parser-7.20.5.tgz 1225ms (cache skip)
417 http fetch GET 405 https://npm.pkg.github.com/tatyanaprohorova/@babel/generator/-/generator-7.20.5.tgz 1264ms (cache skip)
418 http fetch GET 405 https://npm.pkg.github.com/tatyanaprohorova/@babel/traverse/-/traverse-7.20.5.tgz 1317ms (cache skip)
419 http fetch GET 405 https://npm.pkg.github.com/tatyanaprohorova/@babel/helpers/-/helpers-7.20.6.tgz 1286ms (cache skip)
420 http fetch GET 405 https://npm.pkg.github.com/tatyanaprohorova/@babel/core/-/core-7.20.5.tgz 1259ms (cache skip)
421 timing reifyNode:node_modules/has-flag Completed in 2104ms
422 timing reifyNode:node_modules/brace-expansion Completed in 2105ms
423 timing reifyNode:node_modules/is-number Completed in 2107ms
424 timing reifyNode:node_modules/wrappy Completed in 2105ms
425 timing reifyNode:node_modules/pify Completed in 2109ms
426 timing reifyNode:node_modules/path-is-absolute Completed in 2108ms
427 timing reifyNode:node_modules/once Completed in 2109ms
428 timing reifyNode:node_modules/inflight Completed in 2109ms
429 timing reifyNode:node_modules/normalize-path Completed in 2110ms
430 timing reifyNode:node_modules/ms Completed in 2112ms
431 timing reifyNode:node_modules/is-extglob Completed in 2117ms
432 timing reifyNode:node_modules/escape-string-regexp Completed in 2116ms
433 timing reifyNode:node_modules/ansi-styles Completed in 2118ms
434 timing reifyNode:node_modules/to-fast-properties Completed in 2121ms
435 timing reifyNode:node_modules/fs-readdir-recursive Completed in 2123ms
436 timing reifyNode:node_modules/slash Completed in 2126ms
437 timing reifyNode:node_modules/convert-source-map Completed in 2126ms
438 timing reifyNode:node_modules/to-regex-range Completed in 2149ms
439 timing reifyNode:node_modules/fill-range Completed in 2150ms
440 timing reifyNode:node_modules/is-glob Completed in 2150ms
441 timing reifyNode:node_modules/@babel/helper-hoist-variables Completed in 2152ms
442 timing reifyNode:node_modules/@babel/helper-split-export-declaration Completed in 2152ms
443 timing reifyNode:node_modules/@babel/helper-environment-visitor Completed in 2154ms
444 timing reifyNode:node_modules/@babel/highlight Completed in 2153ms
445 timing reifyNode:node_modules/@babel/code-frame Completed in 2157ms
446 timing reifyNode:node_modules/minimatch Completed in 2184ms
447 timing reifyNode:node_modules/inherits Completed in 2236ms
448 timing reifyNode:node_modules/is-binary-path Completed in 2235ms
449 timing reifyNode:node_modules/glob-parent Completed in 2235ms
450 timing reifyNode:node_modules/supports-color Completed in 2236ms
451 timing reifyNode:node_modules/anymatch Completed in 2251ms
452 timing reifyNode:node_modules/make-dir Completed in 2246ms
453 timing reifyNode:node_modules/balanced-match Completed in 2272ms
454 timing reifyNode:node_modules/fs.realpath Completed in 2270ms
455 timing reifyNode:node_modules/readdirp Completed in 2270ms
456 timing reifyNode:node_modules/js-tokens Completed in 2268ms
457 timing reifyNode:node_modules/@babel/helper-simple-access Completed in 2268ms
458 timing reifyNode:node_modules/globals Completed in 2285ms
459 timing reifyNode:node_modules/@babel/helper-function-name Completed in 2285ms
460 timing reifyNode:node_modules/@babel/helper-string-parser Completed in 2300ms
461 timing reifyNode:node_modules/@babel/helper-validator-option Completed in 2333ms
462 timing reifyNode:node_modules/node-releases Completed in 2357ms
463 timing reifyNode:node_modules/picocolors Completed in 2390ms
464 timing reifyNode:node_modules/glob Completed in 2370ms
465 timing reifyNode:node_modules/binary-extensions Completed in 2387ms
466 timing reifyNode:node_modules/color-name Completed in 2388ms
467 timing reifyNode:node_modules/jsesc Completed in 2389ms
468 timing reifyNode:node_modules/color-convert Completed in 2408ms
469 timing reifyNode:node_modules/concat-map Completed in 2427ms
470 timing reifyNode:node_modules/chalk Completed in 2417ms
471 timing reifyNode:node_modules/@babel/helper-module-imports Completed in 2420ms
472 timing reifyNode:node_modules/commander Completed in 2414ms
473 timing reifyNode:node_modules/debug Completed in 2425ms
474 timing reifyNode:node_modules/gensync Completed in 2428ms
475 timing reifyNode:node_modules/update-browserslist-db Completed in 2436ms
476 timing reifyNode:node_modules/make-dir/node_modules/semver Completed in 2440ms
477 timing reifyNode:node_modules/semver Completed in 2450ms
478 timing reifyNode:node_modules/@jridgewell/resolve-uri Completed in 2477ms
479 timing reifyNode:node_modules/escalade Completed in 2508ms
480 timing reifyNode:node_modules/@jridgewell/set-array Completed in 2516ms
481 timing reifyNode:node_modules/chokidar Completed in 2507ms
482 timing reifyNode:node_modules/@jridgewell/sourcemap-codec Completed in 2529ms
483 timing reifyNode:node_modules/@babel/helper-validator-identifier Completed in 2543ms
484 timing reifyNode:node_modules/picomatch Completed in 2586ms
485 timing reifyNode:node_modules/@jridgewell/gen-mapping Completed in 2579ms
486 timing reifyNode:node_modules/@babel/template Completed in 2582ms
487 timing reifyNode:node_modules/browserslist Completed in 2585ms
488 timing reifyNode:node_modules/braces Completed in 2591ms
489 timing reifyNode:node_modules/@ampproject/remapping Completed in 2612ms
490 timing reifyNode:node_modules/@babel/generator/node_modules/@jridgewell/gen-mapping Completed in 2644ms
491 timing reifyNode:node_modules/electron-to-chromium Completed in 2655ms
492 timing reifyNode:node_modules/@nicolo-ribaudo/chokidar-2 Completed in 2659ms
493 timing reifyNode:node_modules/@babel/helper-module-transforms Completed in 2671ms
494 timing reifyNode:node_modules/@babel/helper-compilation-targets Completed in 2672ms
495 timing reifyNode:node_modules/@jridgewell/trace-mapping Completed in 2673ms
496 timing reifyNode:node_modules/@babel/cli Completed in 2690ms
497 timing reifyNode:node_modules/json5 Completed in 2701ms
498 timing reify:rollback:createSparse Completed in 685ms
499 timing reify:rollback:retireShallow Completed in 0ms
500 timing command:install Completed in 15505ms
501 verbose stack HttpErrorGeneral: 404 Not Found - GET https://npm.pkg.github.com/tatyanaprohorova/caniuse-lite/-/caniuse-lite-1.0.30001439.tgz
501 verbose stack     at C:\Program Files\nodejs\node_modules\npm\node_modules\npm-registry-fetch\lib\check-response.js:103:15
501 verbose stack     at runMicrotasks (<anonymous>)
501 verbose stack     at processTicksAndRejections (node:internal/process/task_queues:96:5)
502 verbose statusCode 404
503 verbose pkgid caniuse-lite@https://npm.pkg.github.com/tatyanaprohorova/caniuse-lite/-/caniuse-lite-1.0.30001439.tgz
504 verbose cwd D:\HW_JS_Browser\browser_vs_node\for_uni_lib
505 verbose Windows_NT 10.0.19044
506 verbose argv "C:\\Program Files\\nodejs\\node.exe" "C:\\Program Files\\nodejs\\node_modules\\npm\\bin\\npm-cli.js" "install" "--save-dev" "@babel/cli"
507 verbose node v16.14.2
508 verbose npm  v8.5.0
509 error code E404
510 error 404 Not Found - GET https://npm.pkg.github.com/tatyanaprohorova/caniuse-lite/-/caniuse-lite-1.0.30001439.tgz
511 error 404
512 error 404  'caniuse-lite@https://npm.pkg.github.com/tatyanaprohorova/caniuse-lite/-/caniuse-lite-1.0.30001439.tgz' is not in this registry.
513 error 404 You should bug the author to publish it (or use the name yourself!)
514 error 404
514 error 404 Note that you can also install from a
515 error 404 tarball, folder, http url, or git url.
516 verbose exit 1
517 timing npm Completed in 17248ms
518 verbose unfinished npm timer reify 1670603943474
519 verbose unfinished npm timer reify:unpack 1670603955566
520 verbose unfinished npm timer reifyNode:node_modules/caniuse-lite 1670603955577
521 verbose unfinished npm timer reifyNode:node_modules/@babel/compat-data 1670603955581
522 verbose unfinished npm timer reifyNode:node_modules/@babel/types 1670603955583
523 verbose unfinished npm timer reifyNode:node_modules/@babel/traverse 1670603955583
524 verbose unfinished npm timer reifyNode:node_modules/@babel/parser 1670603955583
525 verbose unfinished npm timer reifyNode:node_modules/@babel/helpers 1670603955584
526 verbose unfinished npm timer reifyNode:node_modules/@babel/generator 1670603955584
527 verbose unfinished npm timer reifyNode:node_modules/@babel/core 1670603955588
528 verbose code 1
529 error A complete log of this run can be found in:
529 error     C:\Users\Татьяна\AppData\Local\npm-cache\_logs\2022-12-09T16_39_01_814Z-debug-0.log
